<?xml version="1.0" encoding="UTF-8"?>
<!-- Generated by org.testng.reporters.JUnitReportReporter -->
<testsuite hostname="SAM" failures="0" tests="2" name="Paralleltesting.parallelTest1" time="23.536" errors="0" timestamp="2023-04-07T00:13:58 IST" skipped="0">
  <testcase classname="Paralleltesting.parallelTest1" name="verifyLogo" time="14.192"/>
  <system-out/>
  <testcase classname="Paralleltesting.parallelTest1" name="verifyTitle" time="9.344"/>
  <system-out/>
</testsuite> <!-- Paralleltesting.parallelTest1 -->
