<?xml version="1.0" encoding="UTF-8"?>
<!-- Generated by org.testng.reporters.JUnitReportReporter -->
<testsuite hostname="SAM" failures="0" tests="2" name="TestNG.TestCase_InTestNG" time="10.203" errors="0" timestamp="2023-03-13T11:34:24 IST" skipped="0">
  <testcase classname="TestNG.TestCase_InTestNG" name="m1" time="10.192"/>
  <system-out/>
  <testcase classname="TestNG.TestCase_InTestNG" name="m2" time="0.011"/>
  <system-out/>
</testsuite> <!-- TestNG.TestCase_InTestNG -->
