<?xml version="1.0" encoding="UTF-8"?>
<!-- Generated by org.testng.reporters.JUnitReportReporter -->
<testsuite hostname="SAM" failures="0" tests="3" name="DataProvider.DataProvidermethodFirstPart" time="66.271" errors="0" timestamp="2023-03-20T11:41:17 IST" skipped="0">
  <testcase classname="DataProvider.DataProvidermethodFirstPart" name="GoogleSearch" time="23.405"/>
  <system-out/>
  <testcase classname="DataProvider.DataProvidermethodFirstPart" name="GoogleSearch" time="17.649"/>
  <system-out/>
  <testcase classname="DataProvider.DataProvidermethodFirstPart" name="GoogleSearch" time="25.217"/>
  <system-out/>
</testsuite> <!-- DataProvider.DataProvidermethodFirstPart -->
