<?xml version="1.0" encoding="UTF-8"?>
<!-- Generated by org.testng.reporters.JUnitReportReporter -->
<testsuite hostname="SAM" failures="0" tests="4" name="TestNgKeywords.Enabled" time="0.090" errors="0" timestamp="2023-03-15T11:16:41 IST" skipped="2">
  <testcase classname="TestNgKeywords.Enabled" name="HomePage" time="0.083"/>
  <system-out/>
  <testcase classname="TestNgKeywords.Enabled" name="LogOut" time="0.007"/>
  <system-out/>
  <testcase classname="TestNgKeywords.Enabled" name="RegistrationPage">
    <skipped/>
  </testcase> <!-- RegistrationPage -->
  <system-out/>
  <testcase classname="TestNgKeywords.Enabled" name="LoginPage">
    <skipped/>
  </testcase> <!-- LoginPage -->
  <system-out/>
</testsuite> <!-- TestNgKeywords.Enabled -->
