<?xml version="1.0" encoding="UTF-8"?>
<!-- Generated by org.testng.reporters.JUnitReportReporter -->
<testsuite hostname="SAM" failures="0" tests="4" name="TestNgKeywords.TimeOut" time="0.112" errors="0" timestamp="2023-03-14T20:10:47 IST" skipped="0">
  <testcase classname="TestNgKeywords.TimeOut" name="RegistrationPage" time="0.009"/>
  <system-out/>
  <testcase classname="TestNgKeywords.TimeOut" name="HomePage" time="0.052"/>
  <system-out/>
  <testcase classname="TestNgKeywords.TimeOut" name="LoginPage" time="0.042"/>
  <system-out/>
  <testcase classname="TestNgKeywords.TimeOut" name="LogOut" time="0.009"/>
  <system-out/>
</testsuite> <!-- TestNgKeywords.TimeOut -->
