<?xml version="1.0" encoding="UTF-8"?>
<!-- Generated by org.testng.reporters.JUnitReportReporter -->
<testsuite hostname="SAM" failures="0" tests="1" name="TestNgKeywords.TestNGReportExample" time="19.769" errors="0" timestamp="2023-03-14T20:16:11 IST" skipped="0">
  <testcase classname="TestNgKeywords.TestNGReportExample" name="googleSeach" time="19.769"/>
  <system-out>
    <![CDATA[chrome browser open
google url open
india gate keyword enterd
enter key pressed
closing browser]]>
  </system-out>
</testsuite> <!-- TestNgKeywords.TestNGReportExample -->
