<?xml version="1.0" encoding="UTF-8"?>
<!-- Generated by org.testng.reporters.JUnitReportReporter -->
<testsuite hostname="SAM" failures="0" tests="3" name="DataProvider.DataProviderTest1" time="123.614" errors="0" timestamp="2023-03-20T11:17:09 IST" skipped="0">
  <testcase classname="DataProvider.DataProviderTest1" name="GoogleSearch" time="44.331"/>
  <system-out/>
  <testcase classname="DataProvider.DataProviderTest1" name="GoogleSearch" time="29.233"/>
  <system-out/>
  <testcase classname="DataProvider.DataProviderTest1" name="GoogleSearch" time="50.050"/>
  <system-out/>
</testsuite> <!-- DataProvider.DataProviderTest1 -->
