<?xml version="1.0" encoding="UTF-8"?>
<!-- Generated by org.testng.reporters.JUnitReportReporter -->
<testsuite hostname="SAM" failures="0" tests="1" name="TestNgKeywords.ClassExaOfGroupAttribute2" time="0.008" errors="0" timestamp="2023-03-17T08:45:38 IST" skipped="0">
  <testcase classname="TestNgKeywords.ClassExaOfGroupAttribute2" name="TC6" time="0.008"/>
  <system-out>
    <![CDATA[running TC6]]>
  </system-out>
</testsuite> <!-- TestNgKeywords.ClassExaOfGroupAttribute2 -->
