<?xml version="1.0" encoding="UTF-8"?>
<!-- Generated by org.testng.reporters.JUnitReportReporter -->
<testsuite hostname="SAM" failures="0" tests="3" name="TestNG.Keyword1" time="85.931" errors="0" timestamp="2023-03-13T15:33:04 IST" skipped="0">
  <testcase classname="TestNG.Keyword1" name="OrangeHRMLogo" time="24.782"/>
  <system-out/>
  <testcase classname="TestNG.Keyword1" name="forgtepassword" time="40.242"/>
  <system-out/>
  <testcase classname="TestNG.Keyword1" name="LoginPage" time="20.907"/>
  <system-out/>
</testsuite> <!-- TestNG.Keyword1 -->
