<?xml version="1.0" encoding="UTF-8"?>
<!-- Generated by org.testng.reporters.JUnitReportReporter -->
<testsuite hostname="SAM" failures="0" tests="1" name="Paralleltesting.parallelTest2" time="10.880" errors="0" timestamp="2023-03-19T09:01:38 IST" skipped="0">
  <testcase classname="Paralleltesting.parallelTest2" name="verifyUserID" time="10.880"/>
  <system-out/>
</testsuite> <!-- Paralleltesting.parallelTest2 -->
