<?xml version="1.0" encoding="UTF-8"?>
<!-- Generated by org.testng.reporters.JUnitReportReporter -->
<testsuite hostname="SAM" failures="0" tests="8" name="TestNgKeywords.invocationCount" time="0.147" errors="0" timestamp="2023-03-14T11:46:22 IST" skipped="0">
  <testcase classname="TestNgKeywords.invocationCount" name="LogOut" time="0.017"/>
  <system-out/>
  <testcase classname="TestNgKeywords.invocationCount" name="LoginPage" time="0.010"/>
  <system-out/>
  <testcase classname="TestNgKeywords.invocationCount" name="HomePage" time="0.055"/>
  <system-out/>
  <testcase classname="TestNgKeywords.invocationCount" name="LoginPage" time="0.011"/>
  <system-out/>
  <testcase classname="TestNgKeywords.invocationCount" name="RegistrationPage" time="0.015"/>
  <system-out/>
  <testcase classname="TestNgKeywords.invocationCount" name="LoginPage" time="0.009"/>
  <system-out/>
  <testcase classname="TestNgKeywords.invocationCount" name="LoginPage" time="0.015"/>
  <system-out/>
  <testcase classname="TestNgKeywords.invocationCount" name="LoginPage" time="0.015"/>
  <system-out/>
</testsuite> <!-- TestNgKeywords.invocationCount -->
