<?xml version="1.0" encoding="UTF-8"?>
<!-- Generated by org.testng.reporters.JUnitReportReporter -->
<testsuite hostname="SAM" failures="0" tests="4" name="TestNgKeywords.DependsOnMethods" time="0.082" errors="0" timestamp="2023-03-14T12:11:49 IST" skipped="0">
  <testcase classname="TestNgKeywords.DependsOnMethods" name="HomePage" time="0.009"/>
  <system-out/>
  <testcase classname="TestNgKeywords.DependsOnMethods" name="RegistrationPage" time="0.014"/>
  <system-out/>
  <testcase classname="TestNgKeywords.DependsOnMethods" name="LogOut" time="0.007"/>
  <system-out/>
  <testcase classname="TestNgKeywords.DependsOnMethods" name="LoginPage" time="0.052"/>
  <system-out/>
</testsuite> <!-- TestNgKeywords.DependsOnMethods -->
