<?xml version="1.0" encoding="UTF-8"?>
<!-- Generated by org.testng.reporters.JUnitReportReporter -->
<testsuite hostname="SAM" failures="0" tests="4" name="TestNgKeywords.priority" time="0.050" errors="0" timestamp="2023-03-13T20:09:51 IST" skipped="1">
  <testcase classname="TestNgKeywords.priority" name="LoginPage" time="0.034"/>
  <system-out/>
  <testcase classname="TestNgKeywords.priority" name="HomePage" time="0.007"/>
  <system-out/>
  <testcase classname="TestNgKeywords.priority" name="LogOut" time="0.009"/>
  <system-out/>
  <testcase classname="TestNgKeywords.priority" name="RegistrationPage">
    <skipped/>
  </testcase> <!-- RegistrationPage -->
  <system-out/>
</testsuite> <!-- TestNgKeywords.priority -->
