<?xml version="1.0" encoding="UTF-8"?>
<!-- Generated by org.testng.reporters.JUnitReportReporter -->
<testsuite hostname="SAM" failures="0" tests="4" name="TestNgKeywords.logReporter" time="0.069" errors="0" timestamp="2023-03-14T20:16:11 IST" skipped="0">
  <testcase classname="TestNgKeywords.logReporter" name="testMethod4" time="0.004"/>
  <system-out>
    <![CDATA[this is test method4]]>
  </system-out>
  <testcase classname="TestNgKeywords.logReporter" name="testMethod3" time="0.006"/>
  <system-out>
    <![CDATA[this is test method3]]>
  </system-out>
  <testcase classname="TestNgKeywords.logReporter" name="testMethod1" time="0.055"/>
  <system-out>
    <![CDATA[this is test method1]]>
  </system-out>
  <testcase classname="TestNgKeywords.logReporter" name="testMethod2" time="0.004"/>
  <system-out>
    <![CDATA[this is test method2]]>
  </system-out>
</testsuite> <!-- TestNgKeywords.logReporter -->
