<?xml version="1.0" encoding="UTF-8"?>
<!-- Generated by org.testng.reporters.JUnitReportReporter -->
<testsuite hostname="SAM" failures="0" tests="4" name="TestNgLogReport.LogReports" time="0.078" errors="0" timestamp="2023-03-17T08:22:35 IST" skipped="0">
  <testcase classname="TestNgLogReport.LogReports" name="testMethod1" time="0.054"/>
  <system-out>
    <![CDATA[this is test method1]]>
  </system-out>
  <testcase classname="TestNgLogReport.LogReports" name="testMethod3" time="0.007"/>
  <system-out>
    <![CDATA[this is test method3]]>
  </system-out>
  <testcase classname="TestNgLogReport.LogReports" name="testMethod4" time="0.010"/>
  <system-out>
    <![CDATA[this is test method4]]>
  </system-out>
  <testcase classname="TestNgLogReport.LogReports" name="testMethod2" time="0.007"/>
  <system-out>
    <![CDATA[this is test method2]]>
  </system-out>
</testsuite> <!-- TestNgLogReport.LogReports -->
