<?xml version="1.0" encoding="UTF-8"?>
<!-- Generated by org.testng.reporters.JUnitReportReporter -->
<testsuite hostname="SAM" failures="0" tests="2" name="TestNgKeywords.Groups" time="0.054" errors="0" timestamp="2023-03-17T07:51:13 IST" skipped="0">
  <testcase classname="TestNgKeywords.Groups" name="wipro" time="0.006"/>
  <system-out/>
  <testcase classname="TestNgKeywords.Groups" name="infosys" time="0.048"/>
  <system-out/>
</testsuite> <!-- TestNgKeywords.Groups -->
