<?xml version="1.0" encoding="UTF-8"?>
<!-- Generated by org.testng.reporters.JUnitReportReporter -->
<testsuite hostname="SAM" failures="0" tests="4" name="TestNgKeywords.Priority$Enabled" time="0.078" errors="0" timestamp="2023-03-15T11:18:27 IST" skipped="0">
  <testcase classname="TestNgKeywords.Priority$Enabled" name="LoginPage" time="0.051"/>
  <system-out/>
  <testcase classname="TestNgKeywords.Priority$Enabled" name="RegistrationPage" time="0.008"/>
  <system-out/>
  <testcase classname="TestNgKeywords.Priority$Enabled" name="HomePage" time="0.010"/>
  <system-out/>
  <testcase classname="TestNgKeywords.Priority$Enabled" name="LogOut" time="0.009"/>
  <system-out/>
</testsuite> <!-- TestNgKeywords.Priority$Enabled -->
