<?xml version="1.0" encoding="UTF-8"?>
<!-- Generated by org.testng.reporters.JUnitReportReporter -->
<testsuite hostname="SAM" failures="0" tests="5" name="EnableDesableTestCases.LoanDepartment2" time="0.092" errors="0" timestamp="2023-03-17T01:39:07 IST" skipped="0">
  <testcase classname="EnableDesableTestCases.LoanDepartment2" name="APILoginPersonalLoan" time="0.009"/>
  <system-out/>
  <testcase classname="EnableDesableTestCases.LoanDepartment2" name="MobileLoginPersonalLoan" time="0.009"/>
  <system-out/>
  <testcase classname="EnableDesableTestCases.LoanDepartment2" name="MobileLoginAutomobileLoan" time="0.007"/>
  <system-out/>
  <testcase classname="EnableDesableTestCases.LoanDepartment2" name="WebLoginAutomobileLoan" time="0.006"/>
  <system-out/>
  <testcase classname="EnableDesableTestCases.LoanDepartment2" name="APILoginAutomobileLoan" time="0.061"/>
  <system-out/>
</testsuite> <!-- EnableDesableTestCases.LoanDepartment2 -->
