<?xml version="1.0" encoding="UTF-8"?>
<!-- Generated by org.testng.reporters.JUnitReportReporter -->
<testsuite hostname="SAM" failures="0" tests="6" name="EnableDesableTestCases.LoanDepartment" time="0.072" errors="0" timestamp="2023-03-17T01:14:14 IST" skipped="2">
  <testcase classname="EnableDesableTestCases.LoanDepartment" name="MobileLoginAutomobileLoan" time="0.009"/>
  <system-out/>
  <testcase classname="EnableDesableTestCases.LoanDepartment" name="APILoginAutomobileLoan" time="0.045"/>
  <system-out/>
  <testcase classname="EnableDesableTestCases.LoanDepartment" name="WebLoginAutomobileLoan" time="0.007"/>
  <system-out/>
  <testcase classname="EnableDesableTestCases.LoanDepartment" name="APILoginPersonalLoan" time="0.011"/>
  <system-out/>
  <testcase classname="EnableDesableTestCases.LoanDepartment" name="WebLoginPersonalLoan">
    <skipped/>
  </testcase> <!-- WebLoginPersonalLoan -->
  <system-out/>
  <testcase classname="EnableDesableTestCases.LoanDepartment" name="MobileLoginPersonalLoan">
    <skipped/>
  </testcase> <!-- MobileLoginPersonalLoan -->
  <system-out/>
</testsuite> <!-- EnableDesableTestCases.LoanDepartment -->
