<?xml version="1.0" encoding="UTF-8"?>
<!-- Generated by org.testng.reporters.JUnitReportReporter -->
<testsuite hostname="SAM" failures="0" tests="1" name="TestNgLogReport.TestNGREporter" time="32.882" errors="0" timestamp="2023-03-17T08:22:35 IST" skipped="0">
  <testcase classname="TestNgLogReport.TestNGREporter" name="googleSeach" time="32.882"/>
  <system-out>
    <![CDATA[chrome browser open
google url open
india gate keyword enterd
enter key pressed
closing browser]]>
  </system-out>
</testsuite> <!-- TestNgLogReport.TestNGREporter -->
